<?xml version="1.0" encoding="UTF-8"?>
<testng-results ignored="0" total="1" passed="1" failed="0" skipped="0">
  <reporter-output>
  </reporter-output>
  <suite started-at="2024-02-14T09:28:45Z" name="Default suite" finished-at="2024-02-14T09:28:48Z" duration-ms="3103">
    <groups>
    </groups>
    <test started-at="2024-02-14T09:28:45Z" name="Default test" finished-at="2024-02-14T09:28:48Z" duration-ms="3103">
      <class name="Assignment.AssetionExemple">
        <test-method signature="assertionLearining()[pri:0, instance:Assignment.AssetionExemple@7c37508a]" started-at="2024-02-14T09:28:45Z" name="assertionLearining" finished-at="2024-02-14T09:28:48Z" duration-ms="3086" status="PASS">
          <reporter-output>
          </reporter-output>
        </test-method> <!-- assertionLearining -->
      </class> <!-- Assignment.AssetionExemple -->
    </test> <!-- Default test -->
  </suite> <!-- Default suite -->
</testng-results>
